Log file open, 06/09/24 11:06:52
LogICUInternationalization: ICU TimeZone Detection - Raw Offset: +1:00, Platform Override: ''
LogInit: ExecutableName: CrashReportClient
LogInit: Build: ++UE5+Release-5.3-CL-29314046
LogInit: Engine Version: 5.3.2-29314046+++UE5+Release-5.3
LogInit: Compatible Engine Version: 5.3.0-27405482+++UE5+Release-5.3
LogInit: Net CL: 27405482
LogInit: OS: Pop!_OS 22.04 LTS (6.8.0-76060800daily20240311-generic), CPU: AMD Ryzen 7 5800H with Radeon Graphics, GPU: NVIDIA GeForce RTX 3070 Laptop GPU (NVIDIA UNIX x86_64 Kernel Module  550.67  Tue Mar 12 23:54:15 UTC 2024)
LogInit: Compiled (64-bit): Nov  3 2023 16:27:17
LogInit: Architecture: x64
LogInit: Compiled with Clang: 16.0.6 (github.com/llvm/llvm-project 7cbf1a2591520c2491aa35339f227775f4d3adf6)
LogInit: Build Configuration: Shipping
LogInit: Branch Name: ++UE5+Release-5.3
LogInit: Command Line:  -Abslog="/home/david/Dokumente/FH/4Semester/GameProductionEnvirionments/Assigment1/messner_david_gpe/Assigment3/Saved/Logs/Assigment3-CRC.log" -Unattended "/home/david/Dokumente/FH/4Semester/GameProductionEnvirionments/Assigment1/messner_david_gpe/Assigment3/Saved/Crashes/ensureinfo-Assigment3-pid-52367-404A2C512DC14113A33EEF27620AEC17/"
LogInit: Base Directory: /home/david/Dokumente/FH/4Semester/Linux_Unreal_Engine_5.3.2(1)/Engine/Binaries/Linux/
LogInit: Allocator: Mimalloc
LogInit: Installed Engine Build: 1
LogInit: This binary is optimized with LTO: no, PGO: no, instrumented for PGO data collection: no
LogInit: Presizing for max 100000 objects, including 0 objects not considered by GC, pre-allocating 0 bytes for permanent pool.
LogInit: Object subsystem initialized
[2024.06.09-09.06.52:052][  0]LogConfig: Applying CVar settings from Section [ConsoleVariables] File [Engine]
[2024.06.09-09.06.52:052][  0]LogInit: Unix hardware info:
[2024.06.09-09.06.52:052][  0]LogInit:  - we are the first instance of this executable
[2024.06.09-09.06.52:052][  0]LogInit:  - this process' id (pid) is 52924, parent process' id (ppid) is 52367
[2024.06.09-09.06.52:052][  0]LogInit:  - we are not running under debugger
[2024.06.09-09.06.52:052][  0]LogInit:  - machine network name is 'pop-os'
[2024.06.09-09.06.52:052][  0]LogInit:  - user name is 'david' (david)
[2024.06.09-09.06.52:052][  0]LogInit:  - we're logged in locally
[2024.06.09-09.06.52:052][  0]LogInit:  - we're running with rendering
[2024.06.09-09.06.52:052][  0]LogInit:  - CPU: AuthenticAMD 'AMD Ryzen 7 5800H with Radeon Graphics' (signature: 0xA50F00)
[2024.06.09-09.06.52:052][  0]LogInit:  - Number of physical cores available for the process: 8
[2024.06.09-09.06.52:052][  0]LogInit:  - Number of logical cores available for the process: 16
[2024.06.09-09.06.52:052][  0]LogInit:  - GPU Brand Info: NVIDIA GeForce RTX 3070 Laptop GPU (NVIDIA UNIX x86_64 Kernel Module  550.67  Tue Mar 12 23:54:15 UTC 2024)
[2024.06.09-09.06.52:052][  0]LogInit:  - Memory allocator used: Mimalloc
[2024.06.09-09.06.52:052][  0]LogInit:  - This is an internal build.
[2024.06.09-09.06.52:052][  0]LogCore: Skipped benchmarking clocks because the engine is running in a standalone program mode - CLOCK_MONOTONIC will be used.
[2024.06.09-09.06.52:052][  0]LogInit: Unix-specific commandline switches:
[2024.06.09-09.06.52:052][  0]LogInit:  -ansimalloc - use malloc()/free() from libc (useful for tools like valgrind and electric fence)
[2024.06.09-09.06.52:052][  0]LogInit:  -jemalloc - use jemalloc for all memory allocation
[2024.06.09-09.06.52:052][  0]LogInit:  -binnedmalloc - use binned malloc  for all memory allocation
[2024.06.09-09.06.52:052][  0]LogInit:  -filemapcachesize=NUMBER - set the size for case-sensitive file mapping cache
[2024.06.09-09.06.52:052][  0]LogInit:  -useksm - uses kernel same-page mapping (KSM) for mapped memory (OFF)
[2024.06.09-09.06.52:052][  0]LogInit:  -ksmmergeall - marks all mmap'd memory pages suitable for KSM (OFF)
[2024.06.09-09.06.52:052][  0]LogInit:  -preloadmodulesymbols - Loads the main module symbols file into memory (OFF)
[2024.06.09-09.06.52:052][  0]LogInit:  -sigdfl=SIGNAL - Allows a specific signal to be set to its default handler rather then ignoring the signal
[2024.06.09-09.06.52:052][  0]LogInit:  -crashhandlerstacksize - Allows setting crash handler stack sizes (204800)
[2024.06.09-09.06.52:052][  0]LogInit:  -noexclusivelockonwrite - disables marking files created by the engine as exclusive locked while the engine has them opened
[2024.06.09-09.06.52:052][  0]LogInit:  -httpproxy=ADDRESS:PORT - redirects HTTP requests to a proxy (only supported if compiled with libcurl)
[2024.06.09-09.06.52:052][  0]LogInit:  -reuseconn - allow libcurl to reuse HTTP connections (only matters if compiled with libcurl)
[2024.06.09-09.06.52:052][  0]LogInit:  -virtmemkb=NUMBER - sets process virtual memory (address space) limit (overrides VirtualMemoryLimitInKB value from .ini)
[2024.06.09-09.06.52:052][  0]LogInit:  -allowsyscallfilterfile=PATH_TO_FILE - sets up a system call filter allow list. any invalid syscall in this list *will* cause a crash
[2024.06.09-09.06.52:052][  0]LogInit:  - Physical RAM available (not considering process quota): 15 GB (15339 MB, 15707212 KB, 16084185088 bytes)
[2024.06.09-09.06.52:052][  0]LogInit:  - VirtualMemoryAllocator pools will grow at scale 1.4
[2024.06.09-09.06.52:052][  0]LogInit:  - MemoryRangeDecommit() will be a no-op (re-run with -vmapoolevict to change)
[2024.06.09-09.06.52:052][  0]LogInit:  - PageSize 4096
[2024.06.09-09.06.52:052][  0]LogInit:  - BinnedPageSize 65536
[2024.06.09-09.06.52:055][  0]LogUObjectArray: 434 objects as part of root set at end of initial load.
[2024.06.09-09.06.52:055][  0]LogUObjectAllocator: 90616 out of 0 bytes used by permanent object pool.
[2024.06.09-09.06.52:055][  0]LogUObjectArray: CloseDisregardForGC: 0/0 objects in disregard for GC pool
[2024.06.09-09.06.52:056][  0]LogInit: Using OS detected language (de-DE).
[2024.06.09-09.06.52:056][  0]LogInit: Using OS detected locale (de-DE).
[2024.06.09-09.06.52:056][  0]LogTextLocalizationManager: No localization for 'de-DE' exists, so 'en' will be used for the language.
[2024.06.09-09.06.52:056][  0]LogTextLocalizationManager: No localization for 'de-DE' exists, so 'en' will be used for the locale.
[2024.06.09-09.06.52:099][  0]LogInit: Using OS detected language (de-DE).
[2024.06.09-09.06.52:099][  0]LogInit: Using OS detected locale (de-DE).
[2024.06.09-09.06.52:099][  0]LogTextLocalizationManager: No localization for 'de-DE' exists, so 'en' will be used for the language.
[2024.06.09-09.06.52:099][  0]LogTextLocalizationManager: No localization for 'de-DE' exists, so 'en' will be used for the locale.
[2024.06.09-09.06.52:099][  0]LogPackageLocalizationCache: Processed 2 localized package path(s) for 1 prioritized culture(s) in 0.000046 seconds
[2024.06.09-09.06.52:099][  0]CrashReportCoreLog: CrashReportClientVersion=1.0
[2024.06.09-09.06.52:099][  0]CrashReportCoreLog: CrashReportReceiver disabled
[2024.06.09-09.06.52:099][  0]CrashReportCoreLog: DataRouterUrl: https://datarouter.ol.epicgames.com/datarouter/api/v1/public/data
[2024.06.09-09.06.52:116][  0]LogInit: Using libcurl 8.4.0
[2024.06.09-09.06.52:116][  0]LogInit:  - built for x86_64-unknown-linux-gnu
[2024.06.09-09.06.52:116][  0]LogInit:  - supports SSL with OpenSSL/1.1.1t
[2024.06.09-09.06.52:116][  0]LogInit:  - supports HTTP deflate (compression) using libz 1.2.13
[2024.06.09-09.06.52:116][  0]LogInit:  - other features:
[2024.06.09-09.06.52:116][  0]LogInit:      CURL_VERSION_SSL
[2024.06.09-09.06.52:116][  0]LogInit:      CURL_VERSION_LIBZ
[2024.06.09-09.06.52:116][  0]LogInit:      CURL_VERSION_IPV6
[2024.06.09-09.06.52:116][  0]LogInit:      CURL_VERSION_ASYNCHDNS
[2024.06.09-09.06.52:116][  0]LogInit:      CURL_VERSION_LARGEFILE
[2024.06.09-09.06.52:116][  0]LogInit:      CURL_VERSION_TLSAUTH_SRP
[2024.06.09-09.06.52:117][  0]LogInit:  CurlRequestOptions (configurable via config and command line):
[2024.06.09-09.06.52:117][  0]LogInit:  - bVerifyPeer = false  - Libcurl will NOT verify peer certificate
[2024.06.09-09.06.52:117][  0]LogInit:  - bUseHttpProxy = false  - Libcurl will NOT use HTTP proxy
[2024.06.09-09.06.52:117][  0]LogInit:  - bDontReuseConnections = false  - Libcurl will reuse connections
[2024.06.09-09.06.52:117][  0]LogInit:  - MaxHostConnections = 16  - Libcurl will limit the number of connections to a host
[2024.06.09-09.06.52:117][  0]LogInit:  - LocalHostAddr = Default
[2024.06.09-09.06.52:117][  0]LogInit:  - BufferSize = 65536
[2024.06.09-09.06.52:117][  0]LogAnalytics: Display: [CrashReporter.Release] APIServer = https://datarouter.ol.epicgames.com/. AppVersion = ++UE5+Release-5.3-CL-29314046
[2024.06.09-09.06.52:119][  0]CrashReportCoreLog: Initial state = Unknown UploadState value
[2024.06.09-09.06.52:119][  0]CrashReportCoreLog: Initial state = Unknown UploadState value
[2024.06.09-09.06.52:119][  0]LogCrashDebugHelper: DepotName: //UE5/Release-5.3
[2024.06.09-09.06.52:119][  0]LogCrashDebugHelper: BuiltFromCL: 29314046
[2024.06.09-09.06.52:119][  0]LogCrashDebugHelper: EngineVersion: 5.3.2-29314046+++UE5+Release-5.3
[2024.06.09-09.06.52:119][  0]LogCrashDebugHelper: BuildVersion: ++UE5+Release-5.3-CL-29314046
[2024.06.09-09.06.53:100][  0]CrashReportCoreLog: Got 4 pending files to upload from 'ensureinfo-Assigment3-pid-52367-404A2C512DC14113A33EEF27620AEC17'
[2024.06.09-09.06.53:100][  0]CrashReportCoreLog: State change from Ready to SendingFiles
[2024.06.09-09.06.53:100][  0]CrashReportCoreLog: CompressAndSendData have 4 pending files
[2024.06.09-09.06.53:100][  0]CrashReportCoreLog: CompressAndSendData compressing 2074 bytes ('/home/david/Dokumente/FH/4Semester/GameProductionEnvirionments/Assigment1/messner_david_gpe/Assigment3/Saved/Crashes/ensureinfo-Assigment3-pid-52367-404A2C512DC14113A33EEF27620AEC17/Diagnostics.txt')
[2024.06.09-09.06.53:100][  0]CrashReportCoreLog: CompressAndSendData compressing 179 bytes ('/home/david/Dokumente/FH/4Semester/GameProductionEnvirionments/Assigment1/messner_david_gpe/Assigment3/Saved/Crashes/ensureinfo-Assigment3-pid-52367-404A2C512DC14113A33EEF27620AEC17/CrashReportClient.ini')
[2024.06.09-09.06.53:100][  0]CrashReportCoreLog: CompressAndSendData compressing 164628 bytes ('/home/david/Dokumente/FH/4Semester/GameProductionEnvirionments/Assigment1/messner_david_gpe/Assigment3/Saved/Crashes/ensureinfo-Assigment3-pid-52367-404A2C512DC14113A33EEF27620AEC17/Assigment3.log')
[2024.06.09-09.06.53:100][  0]CrashReportCoreLog: CompressAndSendData compressing 33236 bytes ('/home/david/Dokumente/FH/4Semester/GameProductionEnvirionments/Assigment1/messner_david_gpe/Assigment3/Saved/Crashes/ensureinfo-Assigment3-pid-52367-404A2C512DC14113A33EEF27620AEC17/CrashContext.runtime-xml')
[2024.06.09-09.06.53:104][  0]CrashReportCoreLog: Sending HTTP request: https://datarouter.ol.epicgames.com/datarouter/api/v1/public/data?AppID=CrashReporter&AppVersion=5.3.2-29314046%2B%2B%2BUE5%2BRelease-5.3&AppEnvironment=Release&UploadType=crashreports&UserID=a5a0b214712f41009527c14e64a942e9-000003e8%7C%7Ca5a0b214712f41009527c14e64a942e9
[2024.06.09-09.06.53:823][  0]CrashReportCoreLog: OnProcessRequestComplete(), State=SendingFiles bSucceeded=1
[2024.06.09-09.06.53:823][  0]CrashReportCoreLog: State change from SendingFiles to SendingFiles
[2024.06.09-09.06.53:823][  0]CrashReportCoreLog: All uploads done
[2024.06.09-09.06.53:823][  0]CrashReportCoreLog: State change from SendingFiles to Finished
[2024.06.09-09.06.54:123][  0]CrashReportCoreLog: Final state (Receiver) = Finished
[2024.06.09-09.06.54:123][  0]CrashReportCoreLog: Final state (Receiver) = Unknown UploadState value
[2024.06.09-09.06.54:123][  0]LogCore: Engine exit requested (reason: CrashReportClientApp RequestExit)
[2024.06.09-09.06.54:123][  0]LogExit: Preparing to exit.
[2024.06.09-09.06.54:124][  0]LogExit: Object subsystem successfully closed.
[2024.06.09-09.06.54:127][  0]LogModuleManager: Shutting down and abandoning module CrashDebugHelper (14)
[2024.06.09-09.06.54:127][  0]LogModuleManager: Shutting down and abandoning module AnalyticsET (12)
[2024.06.09-09.06.54:127][  0]LogModuleManager: Shutting down and abandoning module HTTP (11)
[2024.06.09-09.06.54:630][  0]LogModuleManager: Shutting down and abandoning module SSL (10)
[2024.06.09-09.06.54:632][  0]LogModuleManager: Shutting down and abandoning module CoreUObject (6)
[2024.06.09-09.06.54:632][  0]LogModuleManager: Shutting down and abandoning module PakFile (4)
[2024.06.09-09.06.54:632][  0]LogPakFile: Destroying PakPlatformFile
[2024.06.09-09.06.54:632][  0]LogModuleManager: Shutting down and abandoning module RSA (3)
[2024.06.09-09.06.54:634][  0]LogExit: Exiting.
[2024.06.09-09.06.54:656][  0]Log file closed, 06/09/24 11:06:54
